<?xml version="1.0" encoding="UTF-8"?>
<!-- Generated by org.testng.reporters.JUnitReportReporter -->
<testsuite hostname="LAPTOP-6057N52P" name="DriverFactory.TestScript" tests="1" failures="0" timestamp="9 Mar 2022 18:50:28 GMT" time="21.845" errors="0">
  <testcase name="employeecreation" time="21.845" classname="DriverFactory.TestScript"/>
</testsuite> <!-- DriverFactory.TestScript -->
