<?xml version="1.0" encoding="UTF-8"?>
<!-- Generated by org.testng.reporters.JUnitReportReporter -->
<testsuite skipped="0" hostname="LAPTOP-6057N52P" name="DriverFactory.DataDrivenDriverScript" tests="1" failures="0" timestamp="13 Mar 2022 18:04:28 GMT" time="23.149" errors="0">
  <testcase name="verifyLogin" time="23.149" classname="DriverFactory.DataDrivenDriverScript"/>
</testsuite> <!-- DriverFactory.DataDrivenDriverScript -->
