<?xml version="1.0" encoding="UTF-8"?>
<!-- Generated by org.testng.reporters.JUnitReportReporter -->
<testsuite hostname="LAPTOP-6057N52P" name="jan31.UsingDataProvider" tests="4" failures="0" timestamp="10 Mar 2022 17:40:50 GMT" time="21.369" errors="0">
  <testcase name="verifylogin" time="3.617" classname="jan31.UsingDataProvider"/>
  <testcase name="verifylogin" time="4.112" classname="jan31.UsingDataProvider"/>
  <testcase name="verifylogin" time="10.899" classname="jan31.UsingDataProvider"/>
  <testcase name="verifylogin" time="2.741" classname="jan31.UsingDataProvider"/>
</testsuite> <!-- jan31.UsingDataProvider -->
