<?xml version="1.0" encoding="UTF-8"?>
<!-- Generated by org.testng.reporters.JUnitReportReporter -->
<testsuite skipped="0" hostname="LAPTOP-6057N52P" name="DriverFactory.DriverScript" tests="1" failures="0" timestamp="13 Mar 2022 18:04:28 GMT" time="83.223" errors="0">
  <testcase name="startTest" time="83.223" classname="DriverFactory.DriverScript"/>
</testsuite> <!-- DriverFactory.DriverScript -->
