<?xml version="1.0" encoding="UTF-8"?>
<!-- Generated by org.testng.reporters.JUnitReportReporter -->
<testsuite hostname="LAPTOP-6057N52P" name="jan31.CrossBrowserTesting" tests="8" failures="0" timestamp="10 Mar 2022 18:47:07 GMT" time="31.018" errors="0">
  <testcase name="verifylogin" time="11.731" classname="jan31.CrossBrowserTesting"/>
  <testcase name="verifylogin" time="4.271" classname="jan31.CrossBrowserTesting"/>
  <testcase name="verifylogin" time="3.373" classname="jan31.CrossBrowserTesting"/>
  <testcase name="verifylogin" time="0.964" classname="jan31.CrossBrowserTesting"/>
  <testcase name="verifylogin" time="1.817" classname="jan31.CrossBrowserTesting"/>
  <testcase name="verifylogin" time="3.400" classname="jan31.CrossBrowserTesting"/>
  <testcase name="verifylogin" time="1.204" classname="jan31.CrossBrowserTesting"/>
  <testcase name="verifylogin" time="4.258" classname="jan31.CrossBrowserTesting"/>
</testsuite> <!-- jan31.CrossBrowserTesting -->
